app/build/intermediates/manifest_merge_blame_file/debug/manifest-merger-blame-debug-report.txt
1<?xml version="1.0" encoding="utf-8"?>
2<manifest xmlns:android="http://schemas.android.com/apk/res/android"
3    package="com.codytross.dietryinsr"
4    android:versionCode="1"
5    android:versionName="1.0" >
6
7    <uses-sdk
8        android:minSdkVersion="26"
9        android:targetSdkVersion="28" />
10
11    <uses-permission android:name="android.permission.WRITE_EXTERNAL_STORAGE" />
11-->src/main/AndroidManifest.xml:4:5-81
11-->src/main/AndroidManifest.xml:4:22-78
12    <uses-permission android:name="android.permission.READ_EXTERNAL_STORAGE" />
12-->src/main/AndroidManifest.xml:5:5-80
12-->src/main/AndroidManifest.xml:5:22-77
13
14    <uses-feature
14-->src/main/AndroidManifest.xml:7:5-9:36
15        android:name="android.hardware.camera"
15-->src/main/AndroidManifest.xml:8:9-47
16        android:required="false" />
16-->src/main/AndroidManifest.xml:9:9-33
17
18    <application
18-->src/main/AndroidManifest.xml:11:5-68:19
19        android:allowBackup="true"
19-->src/main/AndroidManifest.xml:12:9-35
20        android:appComponentFactory="android.support.v4.app.CoreComponentFactory"
20-->[com.android.support:support-compat:28.0.0] AndroidManifest.xml:22:18-91
21        android:debuggable="true"
22        android:extractNativeLibs="false"
23        android:icon="@mipmap/ic_launcher"
23-->src/main/AndroidManifest.xml:13:9-43
24        android:label="@string/app_name"
24-->src/main/AndroidManifest.xml:14:9-41
25        android:roundIcon="@mipmap/ic_launcher_round"
25-->src/main/AndroidManifest.xml:15:9-54
26        android:supportsRtl="true"
26-->src/main/AndroidManifest.xml:16:9-35
27        android:testOnly="true"
28        android:theme="@style/AppTheme" >
28-->src/main/AndroidManifest.xml:17:9-40
29        <activity
29-->src/main/AndroidManifest.xml:18:9-27:20
30            android:name="com.codytross.dietryinsr.MainActivity"
30-->src/main/AndroidManifest.xml:19:13-41
31            android:label="@string/app_name"
31-->src/main/AndroidManifest.xml:20:13-45
32            android:screenOrientation="portrait"
32-->src/main/AndroidManifest.xml:21:13-49
33            android:theme="@style/AppTheme.NoActionBar" >
33-->src/main/AndroidManifest.xml:22:13-56
34            <intent-filter>
34-->src/main/AndroidManifest.xml:23:13-26:29
35                <action android:name="android.intent.action.MAIN" />
35-->src/main/AndroidManifest.xml:24:17-69
35-->src/main/AndroidManifest.xml:24:25-66
36
37                <category android:name="android.intent.category.LAUNCHER" />
37-->src/main/AndroidManifest.xml:25:17-77
37-->src/main/AndroidManifest.xml:25:27-74
38            </intent-filter>
39        </activity>
40        <activity
40-->src/main/AndroidManifest.xml:28:9-32:68
41            android:name="com.codytross.dietryinsr.dg"
41-->src/main/AndroidManifest.xml:29:13-31
42            android:label="@string/app_name"
42-->src/main/AndroidManifest.xml:30:13-45
43            android:screenOrientation="portrait"
43-->src/main/AndroidManifest.xml:31:13-49
44            android:theme="@style/AppTheme.NoActionBar" />
44-->src/main/AndroidManifest.xml:32:13-56
45        <activity
45-->src/main/AndroidManifest.xml:34:9-38:68
46            android:name="com.codytross.dietryinsr.expectations"
46-->src/main/AndroidManifest.xml:35:13-41
47            android:label="@string/app_name"
47-->src/main/AndroidManifest.xml:36:13-45
48            android:screenOrientation="portrait"
48-->src/main/AndroidManifest.xml:37:13-49
49            android:theme="@style/AppTheme.NoActionBar" />
49-->src/main/AndroidManifest.xml:38:13-56
50        <activity
50-->src/main/AndroidManifest.xml:40:9-44:68
51            android:name="com.codytross.dietryinsr.reputation"
51-->src/main/AndroidManifest.xml:41:13-39
52            android:label="@string/app_name"
52-->src/main/AndroidManifest.xml:42:13-45
53            android:screenOrientation="portrait"
53-->src/main/AndroidManifest.xml:43:13-49
54            android:theme="@style/AppTheme.NoActionBar" />
54-->src/main/AndroidManifest.xml:44:13-56
55        <activity
55-->src/main/AndroidManifest.xml:47:9-51:68
56            android:name="com.codytross.dietryinsr.payout"
56-->src/main/AndroidManifest.xml:48:13-35
57            android:label="@string/app_name"
57-->src/main/AndroidManifest.xml:49:13-45
58            android:screenOrientation="portrait"
58-->src/main/AndroidManifest.xml:50:13-49
59            android:theme="@style/AppTheme.NoActionBar" />
59-->src/main/AndroidManifest.xml:51:13-56
60        <activity
60-->src/main/AndroidManifest.xml:53:9-57:68
61            android:name="com.codytross.dietryinsr.checkParticipant"
61-->src/main/AndroidManifest.xml:54:13-45
62            android:label="@string/app_name"
62-->src/main/AndroidManifest.xml:55:13-45
63            android:screenOrientation="portrait"
63-->src/main/AndroidManifest.xml:56:13-49
64            android:theme="@style/AppTheme.NoActionBar" />
64-->src/main/AndroidManifest.xml:57:13-56
65
66        <provider
67            android:name="android.support.v4.content.FileProvider"
67-->src/main/AndroidManifest.xml:60:13-67
68            android:authorities="com.codytross.dietryinsr.provider"
68-->src/main/AndroidManifest.xml:61:13-60
69            android:exported="false"
69-->src/main/AndroidManifest.xml:62:13-37
70            android:grantUriPermissions="true" >
70-->src/main/AndroidManifest.xml:63:13-47
71            <meta-data
71-->src/main/AndroidManifest.xml:64:13-66:54
72                android:name="android.support.FILE_PROVIDER_PATHS"
72-->src/main/AndroidManifest.xml:65:17-67
73                android:resource="@xml/file_paths" />
73-->src/main/AndroidManifest.xml:66:17-51
74        </provider>
75
76        <activity
76-->[com.karumi:dexter:4.2.0] AndroidManifest.xml:27:9-29:72
77            android:name="com.karumi.dexter.DexterActivity"
77-->[com.karumi:dexter:4.2.0] AndroidManifest.xml:28:13-60
78            android:theme="@style/Dexter.Internal.Theme.Transparent" />
78-->[com.karumi:dexter:4.2.0] AndroidManifest.xml:29:13-69
79    </application>
80
81</manifest>